<?xml version="1.0" encoding="UTF-8"?>
<!-- Generated by org.testng.reporters.JUnitReportReporter -->
<testsuite hostname="DESKTOP-QQUJ7MA" failures="0" tests="10" name="com.jbk.test.UsefulLinksPageTest" time="175.594" errors="0" timestamp="2020-11-13T13:02:54 IST" skipped="0">
  <testcase classname="com.jbk.test.UsefulLinksPageTest" name="pageTitle" time="11.367"/>
  <system-out/>
  <testcase classname="com.jbk.test.UsefulLinksPageTest" name="text_usefulLinks" time="9.319"/>
  <system-out/>
  <testcase classname="com.jbk.test.UsefulLinksPageTest" name="text_internetRequired" time="15.104"/>
  <system-out/>
  <testcase classname="com.jbk.test.UsefulLinksPageTest" name="text_copyright" time="10.975"/>
  <system-out/>
  <testcase classname="com.jbk.test.UsefulLinksPageTest" name="text_designedForSelenium" time="11.355"/>
  <system-out/>
  <testcase classname="com.jbk.test.UsefulLinksPageTest" name="LinksTitle" time="51.629"/>
  <system-out/>
  <testcase classname="com.jbk.test.UsefulLinksPageTest" name="totalLinks" time="11.422"/>
  <system-out/>
  <testcase classname="com.jbk.test.UsefulLinksPageTest" name="brokenLinks" time="30.537"/>
  <system-out/>
  <testcase classname="com.jbk.test.UsefulLinksPageTest" name="headers" time="13.204"/>
  <system-out/>
  <testcase classname="com.jbk.test.UsefulLinksPageTest" name="rowsData" time="10.682"/>
  <system-out/>
</testsuite> <!-- com.jbk.test.UsefulLinksPageTest -->
