<?xml version="1.0" encoding="UTF-8"?>
<!-- Generated by org.testng.reporters.JUnitReportReporter -->
<testsuite hostname="DESKTOP-QQUJ7MA" failures="0" tests="11" name="com.jbk.test.DashboardTest" time="134.149" errors="0" timestamp="2020-11-13T12:54:51 IST" skipped="0">
  <testcase classname="com.jbk.test.DashboardTest" name="validCourses" time="12.295"/>
  <system-out/>
  <testcase classname="com.jbk.test.DashboardTest" name="SubCourses" time="9.257"/>
  <system-out/>
  <testcase classname="com.jbk.test.DashboardTest" name="IsClickable" time="12.007"/>
  <system-out/>
  <testcase classname="com.jbk.test.DashboardTest" name="WithWindowsHandles" time="19.780"/>
  <system-out/>
  <testcase classname="com.jbk.test.DashboardTest" name="logoutButton" time="12.752"/>
  <system-out/>
  <testcase classname="com.jbk.test.DashboardTest" name="checkUrl" time="8.948"/>
  <system-out/>
  <testcase classname="com.jbk.test.DashboardTest" name="navigationToUser" time="11.827"/>
  <system-out/>
  <testcase classname="com.jbk.test.DashboardTest" name="navigationToOperator" time="9.709"/>
  <system-out/>
  <testcase classname="com.jbk.test.DashboardTest" name="navigationToUsefulLinks" time="13.774"/>
  <system-out/>
  <testcase classname="com.jbk.test.DashboardTest" name="navigationToDownload" time="14.697"/>
  <system-out/>
  <testcase classname="com.jbk.test.DashboardTest" name="navigationToHome" time="9.103"/>
  <system-out/>
</testsuite> <!-- com.jbk.test.DashboardTest -->
